2021-11-16 14:19:03,370-INFO-Request : xpyryqpqpxvurxy - {'name': 'SLT', 'email': 'slt141@slt.com.lk', 'company': 'SLT', 'telephone': 3456666345, 'mobile': '0710123456', 'username': '141slttest', 'password': 'abcd123', 'confirmedPassword': 'abcd123', 'registrantName': '', 'registrantRelation': '', 'registrantMobile': '', 'id': '910940245V', 'address': 'Colombo', 'no_of_stores': 3, 'plan': 'basic_monthly', 'locationtype': 'Warehouse', 'storename': 'SLT', 'storeemail': 'slt48@slt.com.lk', 'storemobile': '0710123456', 'fax': '', 'category': {'category_1': 'baby_products', 'category_2': 'bakery'}, 'addressLine1': 'No 123.', 'city': 'Colombo 04', 'country': 'Sri Lanka', 'addressLine2': 'Galle Road,Colombo 04', 'state': 'Colombo', 'postalCode': '00400'}
2021-11-16 14:19:05,223-INFO-Response User : xpyryqpqpxvurxy - <?xml version="1.0" encoding="UTF-8"?>
<SOAP-ENV:Envelope xmlns:SOAP-ENV="http://schemas.xmlsoap.org/soap/envelope/" xmlns:ns1="https://vendorapi.etpos.lk/soap/merchant/server"><SOAP-ENV:Body><ns1:registerResponse><registerResult><ok>true</ok><verificationCode>dae2041b</verificationCode><userId>00000277</userId></registerResult></ns1:registerResponse></SOAP-ENV:Body></SOAP-ENV:Envelope>

2021-11-16 14:19:06,044-INFO-Response Location : xpyryqpqpxvurxy - <?xml version="1.0" encoding="UTF-8"?>
<SOAP-ENV:Envelope xmlns:SOAP-ENV="http://schemas.xmlsoap.org/soap/envelope/" xmlns:ns1="https://vendorapi.etpos.lk/soap/merchant/server"><SOAP-ENV:Body><ns1:createLocationTypeResponse><createLocationTypeResult><ok>true</ok><id>loctyp_61937000745fa</id><msg>Successfullty Added!!!</msg></createLocationTypeResult></ns1:createLocationTypeResponse></SOAP-ENV:Body></SOAP-ENV:Envelope>

2021-11-16 14:19:11,083-INFO-Response Store : xpyryqpqpxvurxy - <?xml version="1.0" encoding="UTF-8"?>
<SOAP-ENV:Envelope xmlns:SOAP-ENV="http://schemas.xmlsoap.org/soap/envelope/" xmlns:ns1="https://vendorapi.etpos.lk/soap/merchant/server"><SOAP-ENV:Body><ns1:createStoreResponse><createStoreResult><ok>true</ok><message>Store created Successfully</message><locationId>cml_619370018cff0</locationId></createStoreResult></ns1:createStoreResponse></SOAP-ENV:Body></SOAP-ENV:Envelope>

2021-11-16 14:19:34,429-INFO-Request : vxrxrupwupyqwwt - {'userid': '00000277', 'locationtype': 'Warehouse', 'storename': 'SLT2', 'storeemail': 'slt48@slt.com.lk', 'storemobile': '0710123456', 'fax': '', 'category': {'category_1': 'baby_products', 'category_2': 'bakery'}, 'addressLine1': 'No 123.', 'city': 'Colombo 04', 'country': 'Sri Lanka', 'addressLine2': 'Galle Road,Colombo 04', 'state': 'Colombo', 'postalCode': '00400'}
2021-11-16 14:19:35,305-INFO-Response Location : vxrxrupwupyqwwt - <?xml version="1.0" encoding="UTF-8"?>
<SOAP-ENV:Envelope xmlns:SOAP-ENV="http://schemas.xmlsoap.org/soap/envelope/" xmlns:ns1="https://vendorapi.etpos.lk/soap/merchant/server"><SOAP-ENV:Body><ns1:createLocationTypeResponse><createLocationTypeResult><ok>true</ok><id>loctyp_6193701dab7d9</id><msg>Successfullty Added!!!</msg></createLocationTypeResult></ns1:createLocationTypeResponse></SOAP-ENV:Body></SOAP-ENV:Envelope>

2021-11-16 14:19:36,081-INFO-Response Store : vxrxrupwupyqwwt - <?xml version="1.0" encoding="UTF-8"?>
<SOAP-ENV:Envelope xmlns:SOAP-ENV="http://schemas.xmlsoap.org/soap/envelope/" xmlns:ns1="http://xml.apache.org/xml-soap" xmlns:xsd="http://www.w3.org/2001/XMLSchema"><SOAP-ENV:Body><SOAP-ENV:Fault><faultcode>SOAP-ENV:Client</faultcode><faultstring>Validation Errors</faultstring><detail><ns1:Map><item><key>field</key><value>userid</value></item><item><key>error</key><value><xsd:string>The userid is required</xsd:string></value></item></ns1:Map></detail></SOAP-ENV:Fault></SOAP-ENV:Body></SOAP-ENV:Envelope>

2021-11-16 14:19:36,082-INFO-faultstring : vxrxrupwupyqwwt - Validation Errors
2021-11-16 14:26:10,065-INFO-Request : yyryyuqvqyssryr - {'userid': '00000277', 'locationtype': 'Warehouse', 'storename': 'SLT2', 'storeemail': 'slt48@slt.com.lk', 'storemobile': '0710123456', 'fax': '', 'category': {'category_1': 'baby_products', 'category_2': 'bakery'}, 'addressLine1': 'No 123.', 'city': 'Colombo 04', 'country': 'Sri Lanka', 'addressLine2': 'Galle Road,Colombo 04', 'state': 'Colombo', 'postalCode': '00400'}
2021-11-16 14:26:16,888-INFO-Response Location : yyryyuqvqyssryr - <?xml version="1.0" encoding="UTF-8"?>
<SOAP-ENV:Envelope xmlns:SOAP-ENV="http://schemas.xmlsoap.org/soap/envelope/" xmlns:ns1="https://vendorapi.etpos.lk/soap/merchant/server"><SOAP-ENV:Body><ns1:createLocationTypeResponse><createLocationTypeResult><ok>true</ok><id>loctyp_619371aef0599</id><msg>Successfullty Added!!!</msg></createLocationTypeResult></ns1:createLocationTypeResponse></SOAP-ENV:Body></SOAP-ENV:Envelope>

2021-11-16 14:26:20,224-INFO-Response Store : yyryyuqvqyssryr - <?xml version="1.0" encoding="UTF-8"?>
<SOAP-ENV:Envelope xmlns:SOAP-ENV="http://schemas.xmlsoap.org/soap/envelope/" xmlns:ns1="https://vendorapi.etpos.lk/soap/merchant/server"><SOAP-ENV:Body><ns1:createStoreResponse><createStoreResult><ok>true</ok><message>Store created Successfully</message><locationId>cml_619371b0657c0</locationId></createStoreResult></ns1:createStoreResponse></SOAP-ENV:Body></SOAP-ENV:Envelope>

2021-11-16 14:26:52,831-INFO-Request : tyvrturwpyqvsst - {'userid': '00000277', 'locationtype': 'Warehouse', 'storename': 'SLT3', 'storeemail': 'slt48@slt.com.lk', 'storemobile': '0710123456', 'fax': '', 'category': {'category_1': 'baby_products', 'category_2': 'bakery'}, 'addressLine1': 'No 123.', 'city': 'Colombo 04', 'country': 'Sri Lanka', 'addressLine2': 'Galle Road,Colombo 04', 'state': 'Colombo', 'postalCode': '00400'}
2021-11-16 14:26:53,685-INFO-Response Location : tyvrturwpyqvsst - <?xml version="1.0" encoding="UTF-8"?>
<SOAP-ENV:Envelope xmlns:SOAP-ENV="http://schemas.xmlsoap.org/soap/envelope/" xmlns:ns1="https://vendorapi.etpos.lk/soap/merchant/server"><SOAP-ENV:Body><ns1:createLocationTypeResponse><createLocationTypeResult><ok>true</ok><id>loctyp_619371d41c5b2</id><msg>Successfullty Added!!!</msg></createLocationTypeResult></ns1:createLocationTypeResponse></SOAP-ENV:Body></SOAP-ENV:Envelope>

2021-11-16 14:26:57,435-INFO-Response Store : tyvrturwpyqvsst - <?xml version="1.0" encoding="UTF-8"?>
<SOAP-ENV:Envelope xmlns:SOAP-ENV="http://schemas.xmlsoap.org/soap/envelope/" xmlns:ns1="https://vendorapi.etpos.lk/soap/merchant/server"><SOAP-ENV:Body><ns1:createStoreResponse><createStoreResult><ok>true</ok><message>Store created Successfully</message><locationId>cml_619371d60e37d</locationId></createStoreResult></ns1:createStoreResponse></SOAP-ENV:Body></SOAP-ENV:Envelope>

2021-12-02 09:30:25,210-INFO-Request : qttqprwwpuqxqvt - {'name': 'SLT', 'email': 'slt141@slt.com.lk', 'company': 'SLT', 'telephone': 3456666345, 'mobile': '0710123456', 'username': '141slttest', 'password': 'abcd123', 'confirmedPassword': 'abcd123', 'registrantName': '', 'registrantRelation': '', 'registrantMobile': '', 'id': '910940245V', 'address': 'Colombo', 'no_of_stores': 3, 'plan': 'basic_monthly', 'locationtype': 'Warehouse', 'storename': 'SLT', 'storeemail': 'slt48@slt.com.lk', 'storemobile': '0710123456', 'fax': '', 'category': {'category_1': 'baby_products', 'category_2': 'bakery'}, 'addressLine1': 'No 123.', 'city': 'Colombo 04', 'country': 'Sri Lanka', 'addressLine2': 'Galle Road,Colombo 04', 'state': 'Colombo', 'postalCode': '00400'}
2021-12-02 09:30:26,231-INFO-Response User : qttqprwwpuqxqvt - <?xml version="1.0" encoding="UTF-8"?>
<SOAP-ENV:Envelope xmlns:SOAP-ENV="http://schemas.xmlsoap.org/soap/envelope/"><SOAP-ENV:Body><SOAP-ENV:Fault><faultcode>SOAP-ENV:Client</faultcode><faultstring>Username already exists.</faultstring></SOAP-ENV:Fault></SOAP-ENV:Body></SOAP-ENV:Envelope>

2021-12-02 09:30:26,264-INFO-faultstring : qttqprwwpuqxqvt - Username already exists.
2021-12-03 22:41:46,282-INFO-Request : vppsspuswptwtuv - {'name': 'SLT', 'email': 'slt141@slt.com.lk', 'company': 'SLT', 'telephone': 3456666345, 'mobile': '0710123456', 'username': '141slttest', 'password': 'abcd123', 'confirmedPassword': 'abcd123', 'registrantName': '', 'registrantRelation': '', 'registrantMobile': '', 'id': '910940245V', 'address': 'Colombo', 'no_of_stores': 3, 'plan': 'basic_monthly', 'locationtype': 'Warehouse', 'storename': 'SLT', 'storeemail': 'slt48@slt.com.lk', 'storemobile': '0710123456', 'fax': '', 'category': {'category_1': 'baby_products', 'category_2': 'bakery'}, 'addressLine1': 'No 123.', 'city': 'Colombo 04', 'country': 'Sri Lanka', 'addressLine2': 'Galle Road,Colombo 04', 'state': 'Colombo', 'postalCode': '00400'}
2021-12-03 22:41:46,904-INFO-Response User : vppsspuswptwtuv - <?xml version="1.0" encoding="UTF-8"?>
<SOAP-ENV:Envelope xmlns:SOAP-ENV="http://schemas.xmlsoap.org/soap/envelope/"><SOAP-ENV:Body><SOAP-ENV:Fault><faultcode>SOAP-ENV:Client</faultcode><faultstring>Username already exists.</faultstring></SOAP-ENV:Fault></SOAP-ENV:Body></SOAP-ENV:Envelope>

2021-12-03 22:41:46,922-INFO-faultstring : vppsspuswptwtuv - Username already exists.
2021-12-03 22:42:07,582-INFO-Request : stxsvrtxtwrqtqq - {'name': 'SLT', 'email': 'slt141@slt.com.lk', 'company': 'SLT', 'telephone': 3456666345, 'mobile': '0710123456', 'username': '141slttest', 'password': 'abcd123', 'confirmedPassword': 'abcd123', 'registrantName': '', 'registrantRelation': '', 'registrantMobile': '', 'id': '910940245V', 'address': 'Colombo', 'no_of_stores': 3, 'plan': 'basic_monthly', 'locationtype': 'Warehouse', 'storename': 'SLT', 'storeemail': 'slt48@slt.com.lk', 'storemobile': '0710123456', 'fax': '', 'category': {'category_1': 'baby_products', 'category_2': 'bakery'}, 'addressLine1': 'No 123.', 'city': 'Colombo 04', 'country': 'Sri Lanka', 'addressLine2': 'Galle Road,Colombo 04', 'state': 'Colombo', 'postalCode': '00400'}
2021-12-03 22:42:08,082-INFO-Response User : stxsvrtxtwrqtqq - <?xml version="1.0" encoding="UTF-8"?>
<SOAP-ENV:Envelope xmlns:SOAP-ENV="http://schemas.xmlsoap.org/soap/envelope/"><SOAP-ENV:Body><SOAP-ENV:Fault><faultcode>SOAP-ENV:Client</faultcode><faultstring>Username already exists.</faultstring></SOAP-ENV:Fault></SOAP-ENV:Body></SOAP-ENV:Envelope>

2021-12-03 22:42:08,083-INFO-faultstring : stxsvrtxtwrqtqq - Username already exists.
2021-12-03 22:42:17,016-INFO-Request : swpxvprrywvtuqy - {'userid': '00000277', 'locationtype': 'Warehouse', 'storename': 'SLT3', 'storeemail': 'slt48@slt.com.lk', 'storemobile': '0710123456', 'fax': '', 'category': {'category_1': 'baby_products', 'category_2': 'bakery'}, 'addressLine1': 'No 123.', 'city': 'Colombo 04', 'country': 'Sri Lanka', 'addressLine2': 'Galle Road,Colombo 04', 'state': 'Colombo', 'postalCode': '00400'}
2021-12-03 22:42:17,653-INFO-Response Location : swpxvprrywvtuqy - <?xml version="1.0" encoding="UTF-8"?>
<SOAP-ENV:Envelope xmlns:SOAP-ENV="http://schemas.xmlsoap.org/soap/envelope/" xmlns:ns1="https://vendorapi.etpos.lk/soap/merchant/server"><SOAP-ENV:Body><ns1:createLocationTypeResponse><createLocationTypeResult><ok>true</ok><id>loctyp_61aa4f6ce3c68</id><msg>Successfullty Added!!!</msg></createLocationTypeResult></ns1:createLocationTypeResponse></SOAP-ENV:Body></SOAP-ENV:Envelope>

2021-12-03 22:42:21,356-INFO-Response Store : swpxvprrywvtuqy - <?xml version="1.0" encoding="UTF-8"?>
<SOAP-ENV:Envelope xmlns:SOAP-ENV="http://schemas.xmlsoap.org/soap/envelope/" xmlns:ns1="https://vendorapi.etpos.lk/soap/merchant/server"><SOAP-ENV:Body><ns1:createStoreResponse><createStoreResult><ok>true</ok><message>Store created Successfully</message><locationId>cml_61aa4f6db1441</locationId></createStoreResult></ns1:createStoreResponse></SOAP-ENV:Body></SOAP-ENV:Envelope>

2021-12-03 22:48:55,741-INFO-Request : qtrtpusrvytsvxs - {'name': 'SLT', 'email': 'slt141@slt.com.lk', 'company': 'SLT', 'telephone': 3456666345, 'mobile': '0710123456', 'username': '141slttest', 'password': 'abcd123', 'confirmedPassword': 'abcd123', 'registrantName': '', 'registrantRelation': '', 'registrantMobile': '', 'id': '910940245V', 'address': 'Colombo', 'no_of_stores': 3, 'plan': 'basic_monthly', 'locationtype': 'Warehouse', 'storename': 'SLT', 'storeemail': 'slt48@slt.com.lk', 'storemobile': '0710123456', 'fax': '', 'category': {'category_1': 'baby_products', 'category_2': 'bakery'}, 'addressLine1': 'No 123.', 'city': 'Colombo 04', 'country': 'Sri Lanka', 'addressLine2': 'Galle Road,Colombo 04', 'state': 'Colombo', 'postalCode': '00400'}
2021-12-03 22:48:56,250-INFO-Response User : qtrtpusrvytsvxs - <?xml version="1.0" encoding="UTF-8"?>
<SOAP-ENV:Envelope xmlns:SOAP-ENV="http://schemas.xmlsoap.org/soap/envelope/"><SOAP-ENV:Body><SOAP-ENV:Fault><faultcode>SOAP-ENV:Client</faultcode><faultstring>Username already exists.</faultstring></SOAP-ENV:Fault></SOAP-ENV:Body></SOAP-ENV:Envelope>

2021-12-03 22:48:56,250-INFO-faultstring : qtrtpusrvytsvxs - Username already exists.
2021-12-03 22:49:00,059-INFO-Request : xtwypxqpxrqvpsp - {'userid': '00000277', 'locationtype': 'Warehouse', 'storename': 'SLT3', 'storeemail': 'slt48@slt.com.lk', 'storemobile': '0710123456', 'fax': '', 'category': {'category_1': 'baby_products', 'category_2': 'bakery'}, 'addressLine1': 'No 123.', 'city': 'Colombo 04', 'country': 'Sri Lanka', 'addressLine2': 'Galle Road,Colombo 04', 'state': 'Colombo', 'postalCode': '00400'}
2021-12-03 22:49:00,526-INFO-Response Location : xtwypxqpxrqvpsp - <?xml version="1.0" encoding="UTF-8"?>
<SOAP-ENV:Envelope xmlns:SOAP-ENV="http://schemas.xmlsoap.org/soap/envelope/" xmlns:ns1="https://vendorapi.etpos.lk/soap/merchant/server"><SOAP-ENV:Body><ns1:createLocationTypeResponse><createLocationTypeResult><ok>true</ok><id>loctyp_61aa50ffea35f</id><msg>Successfullty Added!!!</msg></createLocationTypeResult></ns1:createLocationTypeResponse></SOAP-ENV:Body></SOAP-ENV:Envelope>

2021-12-03 22:49:04,647-INFO-Response Store : xtwypxqpxrqvpsp - <?xml version="1.0" encoding="UTF-8"?>
<SOAP-ENV:Envelope xmlns:SOAP-ENV="http://schemas.xmlsoap.org/soap/envelope/" xmlns:ns1="https://vendorapi.etpos.lk/soap/merchant/server"><SOAP-ENV:Body><ns1:createStoreResponse><createStoreResult><ok>true</ok><message>Store created Successfully</message><locationId>cml_61aa5100a318b</locationId></createStoreResult></ns1:createStoreResponse></SOAP-ENV:Body></SOAP-ENV:Envelope>

2021-12-03 23:10:38,331-INFO-Request : iITVBwecvyX55Hl - {'name': 'SLT', 'email': 'slt141@slt.com.lk', 'company': 'SLT', 'telephone': 3456666345, 'mobile': '0710123456', 'username': '141slttest', 'password': 'abcd123', 'confirmedPassword': 'abcd123', 'registrantName': '', 'registrantRelation': '', 'registrantMobile': '', 'id': '910940245V', 'address': 'Colombo', 'no_of_stores': 3, 'plan': 'basic_monthly', 'locationtype': 'Warehouse', 'storename': 'SLT', 'storeemail': 'slt48@slt.com.lk', 'storemobile': '0710123456', 'fax': '', 'category': {'category_1': 'baby_products', 'category_2': 'bakery'}, 'addressLine1': 'No 123.', 'city': 'Colombo 04', 'country': 'Sri Lanka', 'addressLine2': 'Galle Road,Colombo 04', 'state': 'Colombo', 'postalCode': '00400'}
2021-12-03 23:10:38,826-INFO-Response User : iITVBwecvyX55Hl - <?xml version="1.0" encoding="UTF-8"?>
<SOAP-ENV:Envelope xmlns:SOAP-ENV="http://schemas.xmlsoap.org/soap/envelope/"><SOAP-ENV:Body><SOAP-ENV:Fault><faultcode>SOAP-ENV:Client</faultcode><faultstring>Username already exists.</faultstring></SOAP-ENV:Fault></SOAP-ENV:Body></SOAP-ENV:Envelope>

2021-12-03 23:10:38,826-INFO-faultstring : iITVBwecvyX55Hl - Username already exists.
2021-12-03 23:23:05,509-INFO-Request : xhA6o1nCgMwSlIF - {'name': 'SLT', 'email': 'slt141@slt.com.lk', 'company': 'SLT', 'telephone': 3456666345, 'mobile': '0710123456', 'username': '141slttest', 'password': 'abcd123', 'confirmedPassword': 'abcd123', 'registrantName': '', 'registrantRelation': '', 'registrantMobile': '', 'id': '910940245V', 'address': 'Colombo', 'no_of_stores': 3, 'plan': 'basic_monthly', 'locationtype': 'Warehouse', 'storename': 'SLT', 'storeemail': 'slt48@slt.com.lk', 'storemobile': '0710123456', 'fax': '', 'category': {'category_1': 'baby_products', 'category_2': 'bakery'}, 'addressLine1': 'No 123.', 'city': 'Colombo 04', 'country': 'Sri Lanka', 'addressLine2': 'Galle Road,Colombo 04', 'state': 'Colombo', 'postalCode': '00400'}
2021-12-03 23:23:08,843-INFO-Response User : xhA6o1nCgMwSlIF - <?xml version="1.0" encoding="UTF-8"?>
<SOAP-ENV:Envelope xmlns:SOAP-ENV="http://schemas.xmlsoap.org/soap/envelope/"><SOAP-ENV:Body><SOAP-ENV:Fault><faultcode>SOAP-ENV:Client</faultcode><faultstring>Username already exists.</faultstring></SOAP-ENV:Fault></SOAP-ENV:Body></SOAP-ENV:Envelope>

2021-12-03 23:23:08,844-INFO-faultstring : xhA6o1nCgMwSlIF - Username already exists.
2021-12-06 10:08:32,650-INFO-Request : ZNCvbvCSMqBVmw4 - {'userid': '00000277', 'locationtype': 'Warehouse', 'storename': 'SLT3', 'storeemail': 'slt48@slt.com.lk', 'storemobile': '0710123456', 'fax': '', 'category': {'category_1': 'baby_products', 'category_2': 'bakery'}, 'addressLine1': 'No 123.', 'city': 'Colombo 04', 'country': 'Sri Lanka', 'addressLine2': 'Galle Road,Colombo 04', 'state': 'Colombo', 'postalCode': '00400'}
2021-12-06 10:08:34,815-INFO-Response Location : ZNCvbvCSMqBVmw4 - <?xml version="1.0" encoding="UTF-8"?>
<SOAP-ENV:Envelope xmlns:SOAP-ENV="http://schemas.xmlsoap.org/soap/envelope/" xmlns:ns1="https://vendorapi.etpos.lk/soap/merchant/server"><SOAP-ENV:Body><ns1:createLocationTypeResponse><createLocationTypeResult><ok>true</ok><id>loctyp_61ad934427dd8</id><msg>Successfullty Added!!!</msg></createLocationTypeResult></ns1:createLocationTypeResponse></SOAP-ENV:Body></SOAP-ENV:Envelope>

2021-12-06 10:08:39,622-INFO-Response Store : ZNCvbvCSMqBVmw4 - <?xml version="1.0" encoding="UTF-8"?>
<SOAP-ENV:Envelope xmlns:SOAP-ENV="http://schemas.xmlsoap.org/soap/envelope/" xmlns:ns1="https://vendorapi.etpos.lk/soap/merchant/server"><SOAP-ENV:Body><ns1:createStoreResponse><createStoreResult><ok>true</ok><message>Store created Successfully</message><locationId>cml_61ad9346262bf</locationId></createStoreResult></ns1:createStoreResponse></SOAP-ENV:Body></SOAP-ENV:Envelope>

